<?xml version="1.0" encoding="UTF-8"?>
<!-- Generated by org.testng.reporters.JUnitReportReporter -->
<testsuite hostname="LAPTOP-5O3BHJ12" failures="0" tests="1" name="crudOperations.DeleteWithBdd" time="3.367" errors="0" timestamp="2022-11-01T00:11:41 IST" skipped="0">
  <testcase classname="crudOperations.DeleteWithBdd" name="DeleteWithBdd" time="3.367"/>
  <system-out/>
</testsuite> <!-- crudOperations.DeleteWithBdd -->
