<?xml version="1.0" encoding="UTF-8"?>
<!-- Generated by org.testng.reporters.JUnitReportReporter -->
<testsuite hostname="LAPTOP-5O3BHJ12" failures="0" tests="1" name="Authentication.BearerToken" time="6.815" errors="0" timestamp="2022-11-05T15:14:47 IST" skipped="0">
  <testcase classname="Authentication.BearerToken" name="bearerToken" time="6.815"/>
  <system-out/>
</testsuite> <!-- Authentication.BearerToken -->
