<?xml version="1.0" encoding="UTF-8"?>
<!-- Generated by org.testng.reporters.JUnitReportReporter -->
<testsuite hostname="LAPTOP-5O3BHJ12" failures="0" tests="1" name="crudOperations.DeleteWithTdd" time="0.046" errors="0" timestamp="2022-11-05T10:11:52 IST" skipped="0">
  <testcase classname="crudOperations.DeleteWithTdd" name="DeleteWithBdd" time="0.046"/>
  <system-out/>
</testsuite> <!-- crudOperations.DeleteWithTdd -->
