<?xml version="1.0" encoding="UTF-8"?>
<!-- Generated by org.testng.reporters.JUnitReportReporter -->
<testsuite hostname="LAPTOP-5O3BHJ12" failures="0" tests="1" name="crudOperations.PostwithTdd" time="4.959" errors="0" timestamp="2022-11-05T10:11:52 IST" skipped="0">
  <testcase classname="crudOperations.PostwithTdd" name="postwithTDD" time="4.959"/>
  <system-out/>
</testsuite> <!-- crudOperations.PostwithTdd -->
