<?xml version="1.0" encoding="UTF-8"?>
<!-- Generated by org.testng.reporters.JUnitReportReporter -->
<testsuite hostname="LAPTOP-5O3BHJ12" failures="0" tests="1" name="crudOperations.PutWithTdd" time="11.582" errors="0" timestamp="2022-11-05T10:11:52 IST" skipped="0">
  <testcase classname="crudOperations.PutWithTdd" name="PutWithBdd" time="11.582"/>
  <system-out/>
</testsuite> <!-- crudOperations.PutWithTdd -->
