<?xml version="1.0" encoding="UTF-8"?>
<!-- Generated by org.testng.reporters.JUnitReportReporter -->
<testsuite hostname="LAPTOP-5O3BHJ12" failures="0" tests="1" name="crudOperations.GetWithBdd" time="3.634" errors="0" timestamp="2022-10-31T23:32:27 IST" skipped="0">
  <testcase classname="crudOperations.GetWithBdd" name="getIdwithbdd" time="3.634"/>
  <system-out/>
</testsuite> <!-- crudOperations.GetWithBdd -->
