<?xml version="1.0" encoding="UTF-8"?>
<!-- Generated by org.testng.reporters.JUnitReportReporter -->
<testsuite hostname="LAPTOP-5O3BHJ12" failures="0" tests="1" name="crudOperations.GetWithTdd" time="0.074" errors="0" timestamp="2022-11-05T10:11:52 IST" skipped="0">
  <testcase classname="crudOperations.GetWithTdd" name="getIdwithbdd" time="0.074"/>
  <system-out/>
</testsuite> <!-- crudOperations.GetWithTdd -->
