<?xml version="1.0" encoding="UTF-8"?>
<!-- Generated by org.testng.reporters.JUnitReportReporter -->
<testsuite hostname="LAPTOP-5O3BHJ12" failures="0" tests="1" name="Authentication.BasicAuth" time="3.251" errors="0" timestamp="2022-11-04T16:06:13 IST" skipped="0">
  <testcase classname="Authentication.BasicAuth" name="bearerToken" time="3.251"/>
  <system-out/>
</testsuite> <!-- Authentication.BasicAuth -->
