<?xml version="1.0" encoding="UTF-8"?>
<!-- Generated by org.testng.reporters.JUnitReportReporter -->
<testsuite hostname="LAPTOP-5O3BHJ12" failures="0" tests="1" name="crudOperations.PostwithBdd" time="3.714" errors="0" timestamp="2022-11-02T10:35:53 IST" skipped="0">
  <testcase classname="crudOperations.PostwithBdd" name="postwithBDD" time="3.714"/>
  <system-out/>
</testsuite> <!-- crudOperations.PostwithBdd -->
